This is pdfTeX, Version 3.1415926-2.4-1.40.13 (TeX Live 2012) (format=pdflatex 2012.6.30)  6 AUG 2013 00:02
entering extended mode
 restricted \write18 enabled.
 file:line:error style messages enabled.
 %&-line parsing enabled.
**ms_efficiency.tex
(./ms_efficiency.tex
LaTeX2e <2011/06/27>
Babel <v3.8m> and hyphenation patterns for english, dumylang, nohyphenation, ge
rman-x-2012-05-30, ngerman-x-2012-05-30, afrikaans, ancientgreek, ibycus, arabi
c, armenian, basque, bulgarian, catalan, pinyin, coptic, croatian, czech, danis
h, dutch, ukenglish, usenglishmax, esperanto, estonian, ethiopic, farsi, finnis
h, french, friulan, galician, german, ngerman, swissgerman, monogreek, greek, h
ungarian, icelandic, assamese, bengali, gujarati, hindi, kannada, malayalam, ma
rathi, oriya, panjabi, tamil, telugu, indonesian, interlingua, irish, italian, 
kurmanji, latin, latvian, lithuanian, mongolian, mongolianlmc, bokmal, nynorsk,
 polish, portuguese, romanian, romansh, russian, sanskrit, serbian, serbianc, s
lovak, slovenian, spanish, swedish, turkish, turkmen, ukrainian, uppersorbian, 
welsh, loaded.
(./emulateapj.cls
Document Class: emulateapj 
\bibbaselineskip=\skip41
(/usr/local/texlive/2012/texmf-dist/tex/latex/revtex/revtex4-1.cls
Document Class: revtex4-1 2010/07/25/20:33:00 4.1r (http://publish.aps.org/revt
ex4/ for documentation)
 Copyright (c) 2009 The American Physical Society.
 mailto:revtex@aps.org
 Licensed under the LPPL:
http://www.ctan.org/tex-archive/macros/latex/base/lppl.txt
 Arthur Ogawa <arthur_ogawa at sbcglobal dot net>
 Based on work by David Carlisle <david at dcarlisle.demon.co.uk>.
ltxutil[2010/07/25/20:33:00 4.1r utilities package (portions licensed from W. E
. Baxter web at superscript.com)]
LaTeX Info: Redefining \@centercr on input line 308.
Class revtex4-1 Info: Repairing broken LaTeX eqnarray on input line 358.
\eqncolsep=\skip42
Class revtex4-1 Info: Repairing hyperref-unfriendly LaTeX definition of \mpfoot
note on input line 433.
Class revtex4-1 Info: Repairing broken LateX \@sect on input line 755.
\intertabularlinepenalty=\count79
\@tbpen=\count80
\@arstrutbox@hline=\box26
Class revtex4-1 Info: Repairing broken LaTeX \@xbitor on input line 1786.
Class revtex4-1 Info: Making \typeout \long on input line 2046.
ltxfront[2010/07/25/20:33:00 4.1r frontmatter package (AO,DPC)]
\c@affil=\count81
\c@collab=\count82
\absbox=\box27
ltxgrid[2010/07/25/20:33:00 4.1r page grid package (portions licensed from W. E
. Baxter web at superscript.com)]
\c@linecount=\count83
\output@latex=\toks14
\box@size@1=\box28
\box@size@2=\box29
\@protection@box=\box30
\@topmark@saved=\toks15
\footins@saved=\box31
\footins@recovered=\box32
\column@recovered=\box33
\pagesofar=\box34
\footsofar=\box35
\pagegrid@col=\count84
Class revtex4-1 Info: Overriding \@vspace, \@vspacer, \@no@pgbk, \@newline, and
 \\  on input line 5578.
\c@part=\count85
\c@section=\count86
\c@subsection=\count87
\c@subsubsection=\count88
\c@paragraph=\count89
\c@subparagraph=\count90
\abovecaptionskip=\skip43
\belowcaptionskip=\skip44
\c@figure=\count91
\fbox@1=\box36
\c@table=\count92
\fbox@2=\box37
\c@video=\count93
\fbox@4=\box38
\@bibdataout=\write3
\widetext@top=\box39
\widetext@bot=\box40

Class revtex4-1 Warning: No Society specified, using default society aps.

(/usr/local/texlive/2012/texmf-dist/tex/latex/revtex/aps4-1.rtx
File: aps4-1 2010/07/25/20:33:00 4.1r (http://publish.aps.org/revtex4/ for docu
mentation)
Class revtex4-1 Info: RevTeX society APS selected on input line 31.
)

Class revtex4-1 Warning: No journal specified, using default pra.

Class revtex4-1 Info: APS journal PRA selected on input line 7545.

Class revtex4-1 Warning: No type size specified, using default 10.

(/usr/local/texlive/2012/texmf-dist/tex/latex/revtex/aps10pt4-1.rtx
File: aps10pt4-1 2010/07/25/20:33:00 4.1r (http://publish.aps.org/revtex4/ for 
documentation)
Class revtex4-1 Info: RevTeX pointsize 10pt selected on input line 30.
)
(/usr/local/texlive/2012/texmf-dist/tex/latex/textcase/textcase.sty
Package: textcase 2004/10/07 v0.07 Text only upper/lower case changing (DPC)
)
(/usr/local/texlive/2012/texmf-dist/tex/latex/url/url.sty
\Urlmuskip=\muskip10
Package: url 2006/04/12  ver 3.3  Verb mode for urls, etc.
)
(/usr/local/texlive/2012/texmf-dist/tex/latex/natbib/natbib.sty
Package: natbib 2010/09/13 8.31b (PWD, AO)
\bibhang=\skip45
\bibsep=\skip46
LaTeX Info: Redefining \cite on input line 694.
\c@NAT@ctr=\count94
)
Class revtex4-1 Info: Repairing natbib's \BibitemShut on input line 7549.

(/usr/local/texlive/2012/texmf-dist/tex/latex/revtex/revsymb4-1.sty
Package: revsymb4-1 2010/07/25/20:33:00 4.1r (http://publish.aps.org/revtex4/ f
or documentation)
LaTeX Info: Redefining \REV@mathfrak on input line 119.
))
(/usr/local/texlive/2012/texmf-dist/tex/latex/base/latexsym.sty
Package: latexsym 1998/08/17 v2.2e Standard LaTeX package (lasy symbols)
\symlasy=\mathgroup4
LaTeX Font Info:    Overwriting symbol font `lasy' in version `bold'
(Font)                  U/lasy/m/n --> U/lasy/b/n on input line 47.
)
(/usr/local/texlive/2012/texmf-dist/tex/latex/graphics/graphicx.sty
Package: graphicx 1999/02/16 v1.0f Enhanced LaTeX Graphics (DPC,SPQR)

(/usr/local/texlive/2012/texmf-dist/tex/latex/graphics/keyval.sty
Package: keyval 1999/03/16 v1.13 key=value parser (DPC)
\KV@toks@=\toks16
)
(/usr/local/texlive/2012/texmf-dist/tex/latex/graphics/graphics.sty
Package: graphics 2009/02/05 v1.0o Standard LaTeX Graphics (DPC,SPQR)

(/usr/local/texlive/2012/texmf-dist/tex/latex/graphics/trig.sty
Package: trig 1999/03/16 v1.09 sin cos tan (DPC)
)
(/usr/local/texlive/2012/texmf-dist/tex/latex/latexconfig/graphics.cfg
File: graphics.cfg 2010/04/23 v1.9 graphics configuration of TeX Live
)
Package graphics Info: Driver file: pdftex.def on input line 91.

(/usr/local/texlive/2012/texmf-dist/tex/latex/pdftex-def/pdftex.def
File: pdftex.def 2011/05/27 v0.06d Graphics/color for pdfTeX

(/usr/local/texlive/2012/texmf-dist/tex/generic/oberdiek/infwarerr.sty
Package: infwarerr 2010/04/08 v1.3 Providing info/warning/error messages (HO)
)
(/usr/local/texlive/2012/texmf-dist/tex/generic/oberdiek/ltxcmds.sty
Package: ltxcmds 2011/11/09 v1.22 LaTeX kernel commands for general use (HO)
)
\Gread@gobject=\count95
))
\Gin@req@height=\dimen102
\Gin@req@width=\dimen103
)
(/usr/local/texlive/2012/texmf-dist/tex/latex/amsfonts/amssymb.sty
Package: amssymb 2009/06/22 v3.00

(/usr/local/texlive/2012/texmf-dist/tex/latex/amsfonts/amsfonts.sty
Package: amsfonts 2009/06/22 v3.00 Basic AMSFonts support
\@emptytoks=\toks17
\symAMSa=\mathgroup5
\symAMSb=\mathgroup6
LaTeX Font Info:    Overwriting math alphabet `\mathfrak' in version `bold'
(Font)                  U/euf/m/n --> U/euf/b/n on input line 96.
LaTeX Info: Redefining \frak on input line 99.
LaTeX Info: Redefining \Bbb on input line 101.
))
(/usr/local/texlive/2012/texmf-dist/tex/latex/tools/longtable.sty
Package: longtable 2004/02/01 v4.11 Multi-page Table package (DPC)
\LTleft=\skip47
\LTright=\skip48
\LTpre=\skip49
\LTpost=\skip50
\LTchunksize=\count96
\LTcapwidth=\dimen104
\LT@head=\box41
\LT@firsthead=\box42
\LT@foot=\box43
\LT@lastfoot=\box44
\LT@cols=\count97
\LT@rows=\count98
\c@LT@tables=\count99
\c@LT@chunks=\count100
\LT@p@ftn=\toks18
)
(/usr/local/texlive/2012/texmf-dist/tex/generic/epsf/epsf.sty
This is `epsf.tex' v2.7.4 <14 February 2011>
\epsffilein=\read1
\epsfframemargin=\dimen105
\epsfframethickness=\dimen106
\epsfrsize=\dimen107
\epsftmp=\dimen108
\epsftsize=\dimen109
\epsfxsize=\dimen110
\epsfysize=\dimen111
\pspoints=\dimen112
)
\c@front@matter@foot@note=\count101
\alt@affil@toks=\toks19
\alt@affil@toks@count=\toks20
\keys@width=\skip51
\c@lastfootnote=\count102
\c@remember@figure@num=\count103
\c@remember@table@num=\count104
\bibindent=\dimen113
\plot@width=\skip52
\c@table@save=\count105
\table@note@skip=\skip53
\deluxe@table@width=\skip54
\@d@t@a=\skip55
\c@deluxe@table@num=\count106
\abovedeluxetableskip=\skip56
\belowdeluxetableskip=\skip57
\lastrowheight=\dimen114
\DT@p@ftn=\toks21
\pt@column=\count107
\pt@ncol=\count108
) (/usr/local/texlive/2012/texmf-dist/tex/latex/oberdiek/epstopdf.sty
Package: epstopdf 2010/02/09 v2.5 Conversion with epstopdf on the fly (HO)

(/usr/local/texlive/2012/texmf-dist/tex/latex/oberdiek/epstopdf-base.sty
Package: epstopdf-base 2010/02/09 v2.5 Base part for package epstopdf

(/usr/local/texlive/2012/texmf-dist/tex/latex/oberdiek/grfext.sty
Package: grfext 2010/08/19 v1.1 Manage graphics extensions (HO)

(/usr/local/texlive/2012/texmf-dist/tex/generic/oberdiek/kvdefinekeys.sty
Package: kvdefinekeys 2011/04/07 v1.3 Define keys (HO)
))
(/usr/local/texlive/2012/texmf-dist/tex/latex/oberdiek/kvoptions.sty
Package: kvoptions 2011/06/30 v3.11 Key value format for package options (HO)

(/usr/local/texlive/2012/texmf-dist/tex/generic/oberdiek/kvsetkeys.sty
Package: kvsetkeys 2012/04/25 v1.16 Key value parser (HO)

(/usr/local/texlive/2012/texmf-dist/tex/generic/oberdiek/etexcmds.sty
Package: etexcmds 2011/02/16 v1.5 Avoid name clashes with e-TeX commands (HO)

(/usr/local/texlive/2012/texmf-dist/tex/generic/oberdiek/ifluatex.sty
Package: ifluatex 2010/03/01 v1.3 Provides the ifluatex switch (HO)
Package ifluatex Info: LuaTeX not detected.
)
Package etexcmds Info: Could not find \expanded.
(etexcmds)             That can mean that you are not using pdfTeX 1.50 or
(etexcmds)             that some package has redefined \expanded.
(etexcmds)             In the latter case, load this package earlier.
)))
(/usr/local/texlive/2012/texmf-dist/tex/generic/oberdiek/pdftexcmds.sty
Package: pdftexcmds 2011/11/29 v0.20 Utility functions of pdfTeX for LuaTeX (HO
)

(/usr/local/texlive/2012/texmf-dist/tex/generic/oberdiek/ifpdf.sty
Package: ifpdf 2011/01/30 v2.3 Provides the ifpdf switch (HO)
Package ifpdf Info: pdfTeX in PDF mode is detected.
)
Package pdftexcmds Info: LuaTeX not detected.
Package pdftexcmds Info: \pdf@primitive is available.
Package pdftexcmds Info: \pdf@ifprimitive is available.
Package pdftexcmds Info: \pdfdraftmode found.
)
Package grfext Info: Graphics extension search list:
(grfext)             [.png,.pdf,.jpg,.mps,.jpeg,.jbig2,.jb2,.PNG,.PDF,.JPG,.JPE
G,.JBIG2,.JB2,.eps]
(grfext)             \AppendGraphicsExtensions on input line 452.

(/usr/local/texlive/2012/texmf-dist/tex/latex/latexconfig/epstopdf-sys.cfg
File: epstopdf-sys.cfg 2010/07/13 v1.3 Configuration of (r)epstopdf for TeX Liv
e
)))
(/usr/local/texlive/2012/texmf-dist/tex/latex/graphics/epsfig.sty
Package: epsfig 1999/02/16 v1.7a (e)psfig emulation (SPQR)
\epsfxsize=\dimen115
\epsfysize=\dimen116
)
Class revtex4-1 Info: Patching LaTeX tabular. on input line 70.
Class revtex4-1 Info: Patching longtable package on input line 70.
Class revtex4-1 Info: Robustifying \LaTeX's \boldmath command on input line 70.

Class revtex4-1 Info: cite was not loaded (OK!) on input line 70.
Class revtex4-1 Info: mcite was not loaded (OK!) on input line 70.
Class revtex4-1 Info: multicol was not loaded (OK!) on input line 70.

(./ms_efficiency.aux)
\openout1 = `ms_efficiency.aux'.

LaTeX Font Info:    Checking defaults for OML/cmm/m/it on input line 70.
LaTeX Font Info:    ... okay on input line 70.
LaTeX Font Info:    Checking defaults for T1/cmr/m/n on input line 70.
LaTeX Font Info:    ... okay on input line 70.
LaTeX Font Info:    Checking defaults for OT1/cmr/m/n on input line 70.
LaTeX Font Info:    ... okay on input line 70.
LaTeX Font Info:    Checking defaults for OMS/cmsy/m/n on input line 70.
LaTeX Font Info:    ... okay on input line 70.
LaTeX Font Info:    Checking defaults for OMX/cmex/m/n on input line 70.
LaTeX Font Info:    ... okay on input line 70.
LaTeX Font Info:    Checking defaults for U/cmr/m/n on input line 70.
LaTeX Font Info:    ... okay on input line 70.

(/usr/local/texlive/2012/texmf-dist/tex/context/base/supp-pdf.mkii
[Loading MPS to PDF converter (version 2006.09.02).]
\scratchcounter=\count109
\scratchdimen=\dimen117
\scratchbox=\box45
\nofMPsegments=\count110
\nofMParguments=\count111
\everyMPshowfont=\toks22
\MPscratchCnt=\count112
\MPscratchDim=\dimen118
\MPnumerator=\count113
\makeMPintoPDFobject=\count114
\everyMPtoPDFconversion=\toks23
)
\openout3 = `ms_efficiencyNotes.bib'.



Class revtex4-1 Warning: Assuming \noaffiliation for authors.

LaTeX Font Info:    Try loading font information for U+lasy on input line 87.
(/usr/local/texlive/2012/texmf-dist/tex/latex/base/ulasy.fd
File: ulasy.fd 1998/08/17 v2.2e LaTeX symbol font definitions
)
LaTeX Font Info:    Try loading font information for U+msa on input line 87.

(/usr/local/texlive/2012/texmf-dist/tex/latex/amsfonts/umsa.fd
File: umsa.fd 2009/06/22 v3.00 AMS symbols A
)
LaTeX Font Info:    Try loading font information for U+msb on input line 87.

(/usr/local/texlive/2012/texmf-dist/tex/latex/amsfonts/umsb.fd
File: umsb.fd 2009/06/22 v3.00 AMS symbols B
)
Package epstopdf Info: Source file: <fig_Exinction.eps>
(epstopdf)                    date: 2013-08-05 18:42:07
(epstopdf)                    size: 28468 bytes
(epstopdf)             Output file: <fig_Exinction-eps-converted-to.pdf>
(epstopdf)                    date: 2013-08-05 18:43:53
(epstopdf)                    size: 19067 bytes
(epstopdf)             Command: <repstopdf --outfile=fig_Exinction-eps-converte
d-to.pdf fig_Exinction.eps>
(epstopdf)             \includegraphics on input line 163.
Package epstopdf Info: Output file is already uptodate.

<fig_Exinction-eps-converted-to.pdf, id=1, 578.16pt x 433.62pt>
File: fig_Exinction-eps-converted-to.pdf Graphic file (type pdf)

<use fig_Exinction-eps-converted-to.pdf>
Package pdftex.def Info: fig_Exinction-eps-converted-to.pdf used on input line 
163.
(pdftex.def)             Requested size: 231.2599pt x 173.44492pt.

Overfull \hbox (7.67459pt too wide) in paragraph at lines 163--164
[][] 
 []

[1{/usr/local/texlive/2012/texmf-var/fonts/map/pdftex/updmap/pdftex.map}]

LaTeX Warning: A float is stuck (cannot be placed) on input line 178.


LaTeX Warning: A float is stuck (cannot be placed) on input line 178.


Class revtex4-1 Warning: Deferred float stuck during \clearpage processing.

Package epstopdf Info: Source file: <fig_eff_hr7596_all.eps>
(epstopdf)                    date: 2013-08-05 16:57:00
(epstopdf)                    size: 29121 bytes
(epstopdf)             Output file: <fig_eff_hr7596_all-eps-converted-to.pdf>
(epstopdf)                    date: 2013-08-05 18:54:16
(epstopdf)                    size: 18536 bytes
(epstopdf)             Command: <repstopdf --outfile=fig_eff_hr7596_all-eps-con
verted-to.pdf fig_eff_hr7596_all.eps>
(epstopdf)             \includegraphics on input line 182.
Package epstopdf Info: Output file is already uptodate.
<fig_eff_hr7596_all-eps-converted-to.pdf, id=21, 578.16pt x 433.62pt>
File: fig_eff_hr7596_all-eps-converted-to.pdf Graphic file (type pdf)

<use fig_eff_hr7596_all-eps-converted-to.pdf>
Package pdftex.def Info: fig_eff_hr7596_all-eps-converted-to.pdf used on input 
line 182.
(pdftex.def)             Requested size: 231.2599pt x 173.44492pt.

Overfull \hbox (7.67459pt too wide) in paragraph at lines 182--183
[][] 
 []

Package epstopdf Info: Source file: <fig_eff_hr8634_all.eps>
(epstopdf)                    date: 2013-08-05 16:57:07
(epstopdf)                    size: 29118 bytes
(epstopdf)             Output file: <fig_eff_hr8634_all-eps-converted-to.pdf>
(epstopdf)                    date: 2013-08-05 18:55:44
(epstopdf)                    size: 18578 bytes
(epstopdf)             Command: <repstopdf --outfile=fig_eff_hr8634_all-eps-con
verted-to.pdf fig_eff_hr8634_all.eps>
(epstopdf)             \includegraphics on input line 187.
Package epstopdf Info: Output file is already uptodate.
<fig_eff_hr8634_all-eps-converted-to.pdf, id=22, 578.16pt x 433.62pt>
File: fig_eff_hr8634_all-eps-converted-to.pdf Graphic file (type pdf)

<use fig_eff_hr8634_all-eps-converted-to.pdf>
Package pdftex.def Info: fig_eff_hr8634_all-eps-converted-to.pdf used on input 
line 187.
(pdftex.def)             Requested size: 231.2599pt x 173.44492pt.

Overfull \hbox (7.67459pt too wide) in paragraph at lines 187--188
[][] 
 []

Package epstopdf Info: Source file: <fig_eff_hr9087_all.eps>
(epstopdf)                    date: 2013-08-05 16:57:14
(epstopdf)                    size: 28687 bytes
(epstopdf)             Output file: <fig_eff_hr9087_all-eps-converted-to.pdf>
(epstopdf)                    date: 2013-08-05 18:55:45
(epstopdf)                    size: 18530 bytes
(epstopdf)             Command: <repstopdf --outfile=fig_eff_hr9087_all-eps-con
verted-to.pdf fig_eff_hr9087_all.eps>
(epstopdf)             \includegraphics on input line 192.
Package epstopdf Info: Output file is already uptodate.
<fig_eff_hr9087_all-eps-converted-to.pdf, id=23, 578.16pt x 433.62pt>
File: fig_eff_hr9087_all-eps-converted-to.pdf Graphic file (type pdf)

<use fig_eff_hr9087_all-eps-converted-to.pdf>
Package pdftex.def Info: fig_eff_hr9087_all-eps-converted-to.pdf used on input 
line 192.
(pdftex.def)             Requested size: 231.2599pt x 173.44492pt.

Overfull \hbox (7.67459pt too wide) in paragraph at lines 192--193
[][] 
 []

Package epstopdf Info: Source file: <fig_medeff_all.eps>
(epstopdf)                    date: 2013-08-05 17:19:40
(epstopdf)                    size: 36769 bytes
(epstopdf)             Output file: <fig_medeff_all-eps-converted-to.pdf>
(epstopdf)                    date: 2013-08-05 22:02:33
(epstopdf)                    size: 20447 bytes
(epstopdf)             Command: <repstopdf --outfile=fig_medeff_all-eps-convert
ed-to.pdf fig_medeff_all.eps>
(epstopdf)             \includegraphics on input line 197.
Package epstopdf Info: Output file is already uptodate.
<fig_medeff_all-eps-converted-to.pdf, id=24, 578.16pt x 433.62pt>
File: fig_medeff_all-eps-converted-to.pdf Graphic file (type pdf)

<use fig_medeff_all-eps-converted-to.pdf>
Package pdftex.def Info: fig_medeff_all-eps-converted-to.pdf used on input line
 197.
(pdftex.def)             Requested size: 231.2599pt x 173.44492pt.

Overfull \hbox (7.67459pt too wide) in paragraph at lines 197--198
[][] 
 []

Package epstopdf Info: Source file: <fig_medeff.eps>
(epstopdf)                    date: 2013-08-05 23:59:53
(epstopdf)                    size: 28587 bytes
(epstopdf)             Output file: <fig_medeff-eps-converted-to.pdf>
(epstopdf)                    date: 2013-08-06 00:00:17
(epstopdf)                    size: 18513 bytes
(epstopdf)             Command: <repstopdf --outfile=fig_medeff-eps-converted-t
o.pdf fig_medeff.eps>
(epstopdf)             \includegraphics on input line 202.
Package epstopdf Info: Output file is already uptodate.
<fig_medeff-eps-converted-to.pdf, id=25, 578.16pt x 433.62pt>
File: fig_medeff-eps-converted-to.pdf Graphic file (type pdf)

<use fig_medeff-eps-converted-to.pdf>
Package pdftex.def Info: fig_medeff-eps-converted-to.pdf used on input line 202
.
(pdftex.def)             Requested size: 231.2599pt x 173.44492pt.

Overfull \hbox (7.67459pt too wide) in paragraph at lines 202--203
[][] 
 []

(./ms_efficiency.bbl [2 <./fig_Exinction-eps-converted-to.pdf> <./fig_eff_hr759
6_all-eps-converted-to.pdf> <./fig_eff_hr8634_all-eps-converted-to.pdf> <./fig_
eff_hr9087_all-eps-converted-to.pdf> <./fig_medeff_all-eps-converted-to.pdf>]

LaTeX Warning: A float is stuck (cannot be placed) on input line 1.


LaTeX Warning: A float is stuck (cannot be placed) on input line 1.


Class revtex4-1 Warning: Deferred float stuck during \clearpage processing.

) [3 <./fig_medeff-eps-converted-to.pdf>] (./ms_efficiency.aux) ) 
Here is how much of TeX's memory you used:
 4388 strings out of 493488
 59021 string characters out of 3141326
 136355 words of memory out of 3000000
 7623 multiletter control sequences out of 15000+200000
 12530 words of font info for 52 fonts, out of 3000000 for 9000
 957 hyphenation exceptions out of 8191
 42i,9n,29p,730b,449s stack positions out of 5000i,500n,10000p,200000b,50000s
</usr/local/te
xlive/2012/texmf-dist/fonts/type1/public/amsfonts/cm/cmbx8.pfb></usr/local/texl
ive/2012/texmf-dist/fonts/type1/public/amsfonts/cm/cmcsc10.pfb></usr/local/texl
ive/2012/texmf-dist/fonts/type1/public/amsfonts/cm/cmmi10.pfb></usr/local/texli
ve/2012/texmf-dist/fonts/type1/public/amsfonts/cm/cmmi5.pfb></usr/local/texlive
/2012/texmf-dist/fonts/type1/public/amsfonts/cm/cmmi7.pfb></usr/local/texlive/2
012/texmf-dist/fonts/type1/public/amsfonts/cm/cmr10.pfb></usr/local/texlive/201
2/texmf-dist/fonts/type1/public/amsfonts/cm/cmr5.pfb></usr/local/texlive/2012/t
exmf-dist/fonts/type1/public/amsfonts/cm/cmr6.pfb></usr/local/texlive/2012/texm
f-dist/fonts/type1/public/amsfonts/cm/cmr7.pfb></usr/local/texlive/2012/texmf-d
ist/fonts/type1/public/amsfonts/cm/cmr8.pfb></usr/local/texlive/2012/texmf-dist
/fonts/type1/public/amsfonts/cm/cmr9.pfb></usr/local/texlive/2012/texmf-dist/fo
nts/type1/public/amsfonts/cm/cmsy7.pfb></usr/local/texlive/2012/texmf-dist/font
s/type1/public/amsfonts/cm/cmti10.pfb></usr/local/texlive/2012/texmf-dist/fonts
/type1/public/amsfonts/cm/cmti8.pfb>
Output written on ms_efficiency.pdf (3 pages, 260549 bytes).
PDF statistics:
 296 PDF objects out of 1000 (max. 8388607)
 76 compressed objects within 1 object stream
 0 named destinations out of 1000 (max. 500000)
 31 words of extra memory for PDF output out of 10000 (max. 10000000)

